[   94325ms] [ERROR] ./node_modules/.pnpm/ethers@6.16.0/node_modules/ethers/lib.esm/crypto/crypto.js:1:1
Module not found: Can't resolve 'crypto'
> 1 | export { createHash, createHmac, pbkdf2Sync, randomBytes } from "crypto";
    | ^^^^^^^^^^^^^^^^^^^^^^^^^^^^^^^^^^^^^^^^^^^^^^^^^^^^^^^^^^^^^^^^^^^^^^^^^
  2 | //# sourceMappingURL=crypto.js.map

Import map: aliased to module "'crypto-browserify'" inside of [project]/

Import trace:
  Client Component SSR:
    ./node_modules/.pnpm/ethers@6.16.0/node_modules/ethers/lib.esm/crypto/crypto.js [Client Component SSR]
    ./node_modules/.pnpm/ethers@6.16.0/node_modules/ethers/lib.esm/crypto/random.js [Client Component SSR]
    ./src/lib/services/web3.service.ts [Client Component SSR]
    ./src/app/tools/gettransaction/page.tsx [Client Component SSR]
    ./src/app/tools/gettransaction/page.tsx [Server Component]

https://nextjs.org/docs/messages/module-not-found @ http://localhost:3000/_next/static/chunks/8bd7d_next_dist_f1845c7b._.js:3127
[   94325ms] [ERROR] ./node_modules/.pnpm/ws@8.17.1/node_modules/ws/lib/sender.js:6:28
Module not found: Can't resolve 'crypto'
  4 |
  5 | const { Duplex } = require('stream');
> 6 | const { randomFillSync } = require('crypto');
    |                            ^^^^^^^^^^^^^^^^^
  7 |
  8 | const PerMessageDeflate = require('./permessage-deflate');
  9 | const { EMPTY_BUFFER } = require('./constants');

Import map: aliased to module "'crypto-browserify'" inside of [project]/

Import trace:
  Client Component SSR:
    ./node_modules/.pnpm/ws@8.17.1/node_modules/ws/lib/sender.js [Client Component SSR]
    ./node_modules/.pnpm/ws@8.17.1/node_modules/ws/lib/websocket.js [Client Component SSR]
    ./node_modules/.pnpm/ethers@6.16.0/node_modules/ethers/lib.esm/providers/provider-websocket.js [Client Component SSR]
    ./node_modules/.pnpm/ethers@6.16.0/node_modules/ethers/lib.esm/ethers.js [Client Component SSR]
    ./src/lib/services/web3.service.ts [Client Component SSR]
    ./src/app/tools/gettransaction/page.tsx [Client Component SSR]
    ./src/app/tools/gettransaction/page.tsx [Server Component]

https://nextjs.org/docs/messages/module-not-found @ http://localhost:3000/_next/static/chunks/8bd7d_next_dist_f1845c7b._.js:3127
[   94325ms] [ERROR] ./node_modules/.pnpm/ws@8.17.1/node_modules/ws/lib/websocket.js:10:37
Module not found: Can't resolve 'crypto'
   8 | const net = require('net');
   9 | const tls = require('tls');
> 10 | const { randomBytes, createHash } = require('crypto');
     |                                     ^^^^^^^^^^^^^^^^^
  11 | const { Duplex, Readable } = require('stream');
  12 | const { URL } = require('url');
  13 |

Import map: aliased to module "'crypto-browserify'" inside of [project]/

Import trace:
  Client Component SSR:
    ./node_modules/.pnpm/ws@8.17.1/node_modules/ws/lib/websocket.js [Client Component SSR]
    ./node_modules/.pnpm/ethers@6.16.0/node_modules/ethers/lib.esm/providers/provider-websocket.js [Client Component SSR]
    ./node_modules/.pnpm/ethers@6.16.0/node_modules/ethers/lib.esm/ethers.js [Client Component SSR]
    ./src/lib/services/web3.service.ts [Client Component SSR]
    ./src/app/tools/gettransaction/page.tsx [Client Component SSR]
    ./src/app/tools/gettransaction/page.tsx [Server Component]

https://nextjs.org/docs/messages/module-not-found @ http://localhost:3000/_next/static/chunks/8bd7d_next_dist_f1845c7b._.js:3127
[   94325ms] [ERROR] ./node_modules/.pnpm/ethers@6.16.0/node_modules/ethers/lib.esm/utils/geturl.js:1:1
Module not found: Can't resolve 'http'
> 1 | import http from "http";
    | ^^^^^^^^^^^^^^^^^^^^^^^^
  2 | import https from "https";
  3 | import { gunzipSync } from "zlib";
  4 | import { assert, makeError } from "./errors.js";

Import map: aliased to module "'stream-http'" inside of [project]/

Import trace:
  Client Component SSR:
    ./node_modules/.pnpm/ethers@6.16.0/node_modules/ethers/lib.esm/utils/geturl.js [Client Component SSR]
    ./node_modules/.pnpm/ethers@6.16.0/node_modules/ethers/lib.esm/utils/fetch.js [Client Component SSR]
    ./node_modules/.pnpm/ethers@6.16.0/node_modules/ethers/lib.esm/providers/provider-jsonrpc.js [Client Component SSR]
    ./src/lib/services/web3.service.ts [Client Component SSR]
    ./src/app/tools/gettransaction/page.tsx [Client Component SSR]
    ./src/app/tools/gettransaction/page.tsx [Server Component]

https://nextjs.org/docs/messages/module-not-found @ http://localhost:3000/_next/static/chunks/8bd7d_next_dist_f1845c7b._.js:3127
[   94325ms] [ERROR] ./node_modules/.pnpm/ws@8.17.1/node_modules/ws/lib/websocket.js:7:14
Module not found: Can't resolve 'http'
   5 | const EventEmitter = require('events');
   6 | const https = require('https');
>  7 | const http = require('http');
     |              ^^^^^^^^^^^^^^^
   8 | const net = require('net');
   9 | const tls = require('tls');
  10 | const { randomBytes, createHash } = require('crypto');

Import map: aliased to module "'stream-http'" inside of [project]/

Import trace:
  Client Component SSR:
    ./node_modules/.pnpm/ws@8.17.1/node_modules/ws/lib/websocket.js [Client Component SSR]
    ./node_modules/.pnpm/ethers@6.16.0/node_modules/ethers/lib.esm/providers/provider-websocket.js [Client Component SSR]
    ./node_modules/.pnpm/ethers@6.16.0/node_modules/ethers/lib.esm/ethers.js [Client Component SSR]
    ./src/lib/services/web3.service.ts [Client Component SSR]
    ./src/app/tools/gettransaction/page.tsx [Client Component SSR]
    ./src/app/tools/gettransaction/page.tsx [Server Component]

https://nextjs.org/docs/messages/module-not-found @ http://localhost:3000/_next/static/chunks/8bd7d_next_dist_f1845c7b._.js:3127
[   94325ms] [ERROR] ./node_modules/.pnpm/ethers@6.16.0/node_modules/ethers/lib.esm/utils/geturl.js:2:1
Module not found: Can't resolve 'https'
  1 | import http from "http";
> 2 | import https from "https";
    | ^^^^^^^^^^^^^^^^^^^^^^^^^^
  3 | import { gunzipSync } from "zlib";
  4 | import { assert, makeError } from "./errors.js";
  5 | import { getBytes } from "./data.js";

Import map: aliased to module "'https-browserify'" inside of [project]/

Import trace:
  Client Component SSR:
    ./node_modules/.pnpm/ethers@6.16.0/node_modules/ethers/lib.esm/utils/geturl.js [Client Component SSR]
    ./node_modules/.pnpm/ethers@6.16.0/node_modules/ethers/lib.esm/utils/fetch.js [Client Component SSR]
    ./node_modules/.pnpm/ethers@6.16.0/node_modules/ethers/lib.esm/providers/provider-jsonrpc.js [Client Component SSR]
    ./src/lib/services/web3.service.ts [Client Component SSR]
    ./src/app/tools/gettransaction/page.tsx [Client Component SSR]
    ./src/app/tools/gettransaction/page.tsx [Server Component]

https://nextjs.org/docs/messages/module-not-found @ http://localhost:3000/_next/static/chunks/8bd7d_next_dist_f1845c7b._.js:3127
[   94326ms] [ERROR] ./node_modules/.pnpm/ws@8.17.1/node_modules/ws/lib/websocket.js:6:15
Module not found: Can't resolve 'https'
  4 |
  5 | const EventEmitter = require('events');
> 6 | const https = require('https');
    |               ^^^^^^^^^^^^^^^^
  7 | const http = require('http');
  8 | const net = require('net');
  9 | const tls = require('tls');

Import map: aliased to module "'https-browserify'" inside of [project]/

Import trace:
  Client Component SSR:
    ./node_modules/.pnpm/ws@8.17.1/node_modules/ws/lib/websocket.js [Client Component SSR]
    ./node_modules/.pnpm/ethers@6.16.0/node_modules/ethers/lib.esm/providers/provider-websocket.js [Client Component SSR]
    ./node_modules/.pnpm/ethers@6.16.0/node_modules/ethers/lib.esm/ethers.js [Client Component SSR]
    ./src/lib/services/web3.service.ts [Client Component SSR]
    ./src/app/tools/gettransaction/page.tsx [Client Component SSR]
    ./src/app/tools/gettransaction/page.tsx [Server Component]

https://nextjs.org/docs/messages/module-not-found @ http://localhost:3000/_next/static/chunks/8bd7d_next_dist_f1845c7b._.js:3127
[   94326ms] [ERROR] ./node_modules/.pnpm/ws@8.17.1/node_modules/ws/lib/receiver.js:3:22
Module not found: Can't resolve 'stream'
  1 | 'use strict';
  2 |
> 3 | const { Writable } = require('stream');
    |                      ^^^^^^^^^^^^^^^^^
  4 |
  5 | const PerMessageDeflate = require('./permessage-deflate');
  6 | const {

Import map: aliased to module "'stream-browserify'" inside of [project]/

Import trace:
  Client Component SSR:
    ./node_modules/.pnpm/ws@8.17.1/node_modules/ws/lib/receiver.js [Client Component SSR]
    ./node_modules/.pnpm/ws@8.17.1/node_modules/ws/lib/websocket.js [Client Component SSR]
    ./node_modules/.pnpm/ethers@6.16.0/node_modules/ethers/lib.esm/providers/provider-websocket.js [Client Component SSR]
    ./node_modules/.pnpm/ethers@6.16.0/node_modules/ethers/lib.esm/ethers.js [Client Component SSR]
    ./src/lib/services/web3.service.ts [Client Component SSR]
    ./src/app/tools/gettransaction/page.tsx [Client Component SSR]
    ./src/app/tools/gettransaction/page.tsx [Server Component]

https://nextjs.org/docs/messages/module-not-found @ http://localhost:3000/_next/static/chunks/8bd7d_next_dist_f1845c7b._.js:3127
[   94326ms] [ERROR] ./node_modules/.pnpm/ws@8.17.1/node_modules/ws/lib/sender.js:5:20
Module not found: Can't resolve 'stream'
  3 | 'use strict';
  4 |
> 5 | const { Duplex } = require('stream');
    |                    ^^^^^^^^^^^^^^^^^
  6 | const { randomFillSync } = require('crypto');
  7 |
  8 | const PerMessageDeflate = require('./permessage-deflate');

Import map: aliased to module "'stream-browserify'" inside of [project]/

Import trace:
  Client Component SSR:
    ./node_modules/.pnpm/ws@8.17.1/node_modules/ws/lib/sender.js [Client Component SSR]
    ./node_modules/.pnpm/ws@8.17.1/node_modules/ws/lib/websocket.js [Client Component SSR]
    ./node_modules/.pnpm/ethers@6.16.0/node_modules/ethers/lib.esm/providers/provider-websocket.js [Client Component SSR]
    ./node_modules/.pnpm/ethers@6.16.0/node_modules/ethers/lib.esm/ethers.js [Client Component SSR]
    ./src/lib/services/web3.service.ts [Client Component SSR]
    ./src/app/tools/gettransaction/page.tsx [Client Component SSR]
    ./src/app/tools/gettransaction/page.tsx [Server Component]

https://nextjs.org/docs/messages/module-not-found @ http://localhost:3000/_next/static/chunks/8bd7d_next_dist_f1845c7b._.js:3127
[   94326ms] [ERROR] ./node_modules/.pnpm/ws@8.17.1/node_modules/ws/lib/websocket.js:11:30
Module not found: Can't resolve 'stream'
   9 | const tls = require('tls');
  10 | const { randomBytes, createHash } = require('crypto');
> 11 | const { Duplex, Readable } = require('stream');
     |                              ^^^^^^^^^^^^^^^^^
  12 | const { URL } = require('url');
  13 |
  14 | const PerMessageDeflate = require('./permessage-deflate');

Import map: aliased to module "'stream-browserify'" inside of [project]/

Import trace:
  Client Component SSR:
    ./node_modules/.pnpm/ws@8.17.1/node_modules/ws/lib/websocket.js [Client Component SSR]
    ./node_modules/.pnpm/ethers@6.16.0/node_modules/ethers/lib.esm/providers/provider-websocket.js [Client Component SSR]
    ./node_modules/.pnpm/ethers@6.16.0/node_modules/ethers/lib.esm/ethers.js [Client Component SSR]
    ./src/lib/services/web3.service.ts [Client Component SSR]
    ./src/app/tools/gettransaction/page.tsx [Client Component SSR]
    ./src/app/tools/gettransaction/page.tsx [Server Component]

https://nextjs.org/docs/messages/module-not-found @ http://localhost:3000/_next/static/chunks/8bd7d_next_dist_f1845c7b._.js:3127
[   94389ms] [ERROR] ./node_modules/.pnpm/ethers@6.16.0/node_modules/ethers/lib.esm/crypto/crypto.js:1:1
Module not found: Can't resolve 'crypto'
> 1 | export { createHash, createHmac, pbkdf2Sync, randomBytes } from "crypto";
    | ^^^^^^^^^^^^^^^^^^^^^^^^^^^^^^^^^^^^^^^^^^^^^^^^^^^^^^^^^^^^^^^^^^^^^^^^^
  2 | //# sourceMappingURL=crypto.js.map

Import map: aliased to module "'crypto-browserify'" inside of [project]/

Import trace:
  Client Component SSR:
    ./node_modules/.pnpm/ethers@6.16.0/node_modules/ethers/lib.esm/crypto/crypto.js [Client Component SSR]
    ./node_modules/.pnpm/ethers@6.16.0/node_modules/ethers/lib.esm/crypto/random.js [Client Component SSR]
    ./src/lib/services/web3.service.ts [Client Component SSR]
    ./src/app/tools/gettransaction/page.tsx [Client Component SSR]
    ./src/app/tools/gettransaction/page.tsx [Server Component]

https://nextjs.org/docs/messages/module-not-found @ http://localhost:3000/_next/static/chunks/8bd7d_next_dist_f1845c7b._.js:3127
[   94390ms] [ERROR] ./node_modules/.pnpm/ws@8.17.1/node_modules/ws/lib/sender.js:6:28
Module not found: Can't resolve 'crypto'
  4 |
  5 | const { Duplex } = require('stream');
> 6 | const { randomFillSync } = require('crypto');
    |                            ^^^^^^^^^^^^^^^^^
  7 |
  8 | const PerMessageDeflate = require('./permessage-deflate');
  9 | const { EMPTY_BUFFER } = require('./constants');

Import map: aliased to module "'crypto-browserify'" inside of [project]/

Import trace:
  Client Component SSR:
    ./node_modules/.pnpm/ws@8.17.1/node_modules/ws/lib/sender.js [Client Component SSR]
    ./node_modules/.pnpm/ws@8.17.1/node_modules/ws/lib/websocket.js [Client Component SSR]
    ./node_modules/.pnpm/ethers@6.16.0/node_modules/ethers/lib.esm/providers/provider-websocket.js [Client Component SSR]
    ./node_modules/.pnpm/ethers@6.16.0/node_modules/ethers/lib.esm/ethers.js [Client Component SSR]
    ./src/lib/services/web3.service.ts [Client Component SSR]
    ./src/app/tools/gettransaction/page.tsx [Client Component SSR]
    ./src/app/tools/gettransaction/page.tsx [Server Component]

https://nextjs.org/docs/messages/module-not-found @ http://localhost:3000/_next/static/chunks/8bd7d_next_dist_f1845c7b._.js:3127
[   94390ms] [ERROR] ./node_modules/.pnpm/ws@8.17.1/node_modules/ws/lib/websocket.js:10:37
Module not found: Can't resolve 'crypto'
   8 | const net = require('net');
   9 | const tls = require('tls');
> 10 | const { randomBytes, createHash } = require('crypto');
     |                                     ^^^^^^^^^^^^^^^^^
  11 | const { Duplex, Readable } = require('stream');
  12 | const { URL } = require('url');
  13 |

Import map: aliased to module "'crypto-browserify'" inside of [project]/

Import trace:
  Client Component SSR:
    ./node_modules/.pnpm/ws@8.17.1/node_modules/ws/lib/websocket.js [Client Component SSR]
    ./node_modules/.pnpm/ethers@6.16.0/node_modules/ethers/lib.esm/providers/provider-websocket.js [Client Component SSR]
    ./node_modules/.pnpm/ethers@6.16.0/node_modules/ethers/lib.esm/ethers.js [Client Component SSR]
    ./src/lib/services/web3.service.ts [Client Component SSR]
    ./src/app/tools/gettransaction/page.tsx [Client Component SSR]
    ./src/app/tools/gettransaction/page.tsx [Server Component]

https://nextjs.org/docs/messages/module-not-found @ http://localhost:3000/_next/static/chunks/8bd7d_next_dist_f1845c7b._.js:3127
[   94390ms] [ERROR] ./node_modules/.pnpm/ethers@6.16.0/node_modules/ethers/lib.esm/utils/geturl.js:1:1
Module not found: Can't resolve 'http'
> 1 | import http from "http";
    | ^^^^^^^^^^^^^^^^^^^^^^^^
  2 | import https from "https";
  3 | import { gunzipSync } from "zlib";
  4 | import { assert, makeError } from "./errors.js";

Import map: aliased to module "'stream-http'" inside of [project]/

Import trace:
  Client Component SSR:
    ./node_modules/.pnpm/ethers@6.16.0/node_modules/ethers/lib.esm/utils/geturl.js [Client Component SSR]
    ./node_modules/.pnpm/ethers@6.16.0/node_modules/ethers/lib.esm/utils/fetch.js [Client Component SSR]
    ./node_modules/.pnpm/ethers@6.16.0/node_modules/ethers/lib.esm/providers/provider-jsonrpc.js [Client Component SSR]
    ./src/lib/services/web3.service.ts [Client Component SSR]
    ./src/app/tools/gettransaction/page.tsx [Client Component SSR]
    ./src/app/tools/gettransaction/page.tsx [Server Component]

https://nextjs.org/docs/messages/module-not-found @ http://localhost:3000/_next/static/chunks/8bd7d_next_dist_f1845c7b._.js:3127
[   94390ms] [ERROR] ./node_modules/.pnpm/ws@8.17.1/node_modules/ws/lib/websocket.js:7:14
Module not found: Can't resolve 'http'
   5 | const EventEmitter = require('events');
   6 | const https = require('https');
>  7 | const http = require('http');
     |              ^^^^^^^^^^^^^^^
   8 | const net = require('net');
   9 | const tls = require('tls');
  10 | const { randomBytes, createHash } = require('crypto');

Import map: aliased to module "'stream-http'" inside of [project]/

Import trace:
  Client Component SSR:
    ./node_modules/.pnpm/ws@8.17.1/node_modules/ws/lib/websocket.js [Client Component SSR]
    ./node_modules/.pnpm/ethers@6.16.0/node_modules/ethers/lib.esm/providers/provider-websocket.js [Client Component SSR]
    ./node_modules/.pnpm/ethers@6.16.0/node_modules/ethers/lib.esm/ethers.js [Client Component SSR]
    ./src/lib/services/web3.service.ts [Client Component SSR]
    ./src/app/tools/gettransaction/page.tsx [Client Component SSR]
    ./src/app/tools/gettransaction/page.tsx [Server Component]

https://nextjs.org/docs/messages/module-not-found @ http://localhost:3000/_next/static/chunks/8bd7d_next_dist_f1845c7b._.js:3127
[   94390ms] [ERROR] ./node_modules/.pnpm/ethers@6.16.0/node_modules/ethers/lib.esm/utils/geturl.js:2:1
Module not found: Can't resolve 'https'
  1 | import http from "http";
> 2 | import https from "https";
    | ^^^^^^^^^^^^^^^^^^^^^^^^^^
  3 | import { gunzipSync } from "zlib";
  4 | import { assert, makeError } from "./errors.js";
  5 | import { getBytes } from "./data.js";

Import map: aliased to module "'https-browserify'" inside of [project]/

Import trace:
  Client Component SSR:
    ./node_modules/.pnpm/ethers@6.16.0/node_modules/ethers/lib.esm/utils/geturl.js [Client Component SSR]
    ./node_modules/.pnpm/ethers@6.16.0/node_modules/ethers/lib.esm/utils/fetch.js [Client Component SSR]
    ./node_modules/.pnpm/ethers@6.16.0/node_modules/ethers/lib.esm/providers/provider-jsonrpc.js [Client Component SSR]
    ./src/lib/services/web3.service.ts [Client Component SSR]
    ./src/app/tools/gettransaction/page.tsx [Client Component SSR]
    ./src/app/tools/gettransaction/page.tsx [Server Component]

https://nextjs.org/docs/messages/module-not-found @ http://localhost:3000/_next/static/chunks/8bd7d_next_dist_f1845c7b._.js:3127
[   94390ms] [ERROR] ./node_modules/.pnpm/ws@8.17.1/node_modules/ws/lib/websocket.js:6:15
Module not found: Can't resolve 'https'
  4 |
  5 | const EventEmitter = require('events');
> 6 | const https = require('https');
    |               ^^^^^^^^^^^^^^^^
  7 | const http = require('http');
  8 | const net = require('net');
  9 | const tls = require('tls');

Import map: aliased to module "'https-browserify'" inside of [project]/

Import trace:
  Client Component SSR:
    ./node_modules/.pnpm/ws@8.17.1/node_modules/ws/lib/websocket.js [Client Component SSR]
    ./node_modules/.pnpm/ethers@6.16.0/node_modules/ethers/lib.esm/providers/provider-websocket.js [Client Component SSR]
    ./node_modules/.pnpm/ethers@6.16.0/node_modules/ethers/lib.esm/ethers.js [Client Component SSR]
    ./src/lib/services/web3.service.ts [Client Component SSR]
    ./src/app/tools/gettransaction/page.tsx [Client Component SSR]
    ./src/app/tools/gettransaction/page.tsx [Server Component]

https://nextjs.org/docs/messages/module-not-found @ http://localhost:3000/_next/static/chunks/8bd7d_next_dist_f1845c7b._.js:3127
[   94390ms] [ERROR] ./node_modules/.pnpm/ws@8.17.1/node_modules/ws/lib/receiver.js:3:22
Module not found: Can't resolve 'stream'
  1 | 'use strict';
  2 |
> 3 | const { Writable } = require('stream');
    |                      ^^^^^^^^^^^^^^^^^
  4 |
  5 | const PerMessageDeflate = require('./permessage-deflate');
  6 | const {

Import map: aliased to module "'stream-browserify'" inside of [project]/

Import trace:
  Client Component SSR:
    ./node_modules/.pnpm/ws@8.17.1/node_modules/ws/lib/receiver.js [Client Component SSR]
    ./node_modules/.pnpm/ws@8.17.1/node_modules/ws/lib/websocket.js [Client Component SSR]
    ./node_modules/.pnpm/ethers@6.16.0/node_modules/ethers/lib.esm/providers/provider-websocket.js [Client Component SSR]
    ./node_modules/.pnpm/ethers@6.16.0/node_modules/ethers/lib.esm/ethers.js [Client Component SSR]
    ./src/lib/services/web3.service.ts [Client Component SSR]
    ./src/app/tools/gettransaction/page.tsx [Client Component SSR]
    ./src/app/tools/gettransaction/page.tsx [Server Component]

https://nextjs.org/docs/messages/module-not-found @ http://localhost:3000/_next/static/chunks/8bd7d_next_dist_f1845c7b._.js:3127
[   94392ms] [ERROR] ./node_modules/.pnpm/ws@8.17.1/node_modules/ws/lib/sender.js:5:20
Module not found: Can't resolve 'stream'
  3 | 'use strict';
  4 |
> 5 | const { Duplex } = require('stream');
    |                    ^^^^^^^^^^^^^^^^^
  6 | const { randomFillSync } = require('crypto');
  7 |
  8 | const PerMessageDeflate = require('./permessage-deflate');

Import map: aliased to module "'stream-browserify'" inside of [project]/

Import trace:
  Client Component SSR:
    ./node_modules/.pnpm/ws@8.17.1/node_modules/ws/lib/sender.js [Client Component SSR]
    ./node_modules/.pnpm/ws@8.17.1/node_modules/ws/lib/websocket.js [Client Component SSR]
    ./node_modules/.pnpm/ethers@6.16.0/node_modules/ethers/lib.esm/providers/provider-websocket.js [Client Component SSR]
    ./node_modules/.pnpm/ethers@6.16.0/node_modules/ethers/lib.esm/ethers.js [Client Component SSR]
    ./src/lib/services/web3.service.ts [Client Component SSR]
    ./src/app/tools/gettransaction/page.tsx [Client Component SSR]
    ./src/app/tools/gettransaction/page.tsx [Server Component]

https://nextjs.org/docs/messages/module-not-found @ http://localhost:3000/_next/static/chunks/8bd7d_next_dist_f1845c7b._.js:3127
[   94392ms] [ERROR] ./node_modules/.pnpm/ws@8.17.1/node_modules/ws/lib/websocket.js:11:30
Module not found: Can't resolve 'stream'
   9 | const tls = require('tls');
  10 | const { randomBytes, createHash } = require('crypto');
> 11 | const { Duplex, Readable } = require('stream');
     |                              ^^^^^^^^^^^^^^^^^
  12 | const { URL } = require('url');
  13 |
  14 | const PerMessageDeflate = require('./permessage-deflate');

Import map: aliased to module "'stream-browserify'" inside of [project]/

Import trace:
  Client Component SSR:
    ./node_modules/.pnpm/ws@8.17.1/node_modules/ws/lib/websocket.js [Client Component SSR]
    ./node_modules/.pnpm/ethers@6.16.0/node_modules/ethers/lib.esm/providers/provider-websocket.js [Client Component SSR]
    ./node_modules/.pnpm/ethers@6.16.0/node_modules/ethers/lib.esm/ethers.js [Client Component SSR]
    ./src/lib/services/web3.service.ts [Client Component SSR]
    ./src/app/tools/gettransaction/page.tsx [Client Component SSR]
    ./src/app/tools/gettransaction/page.tsx [Server Component]

https://nextjs.org/docs/messages/module-not-found @ http://localhost:3000/_next/static/chunks/8bd7d_next_dist_f1845c7b._.js:3127
[   94436ms] [ERROR] ./node_modules/.pnpm/ethers@6.16.0/node_modules/ethers/lib.esm/crypto/crypto.js:1:1
Module not found: Can't resolve 'crypto'
> 1 | export { createHash, createHmac, pbkdf2Sync, randomBytes } from "crypto";
    | ^^^^^^^^^^^^^^^^^^^^^^^^^^^^^^^^^^^^^^^^^^^^^^^^^^^^^^^^^^^^^^^^^^^^^^^^^
  2 | //# sourceMappingURL=crypto.js.map

Import map: aliased to module "'crypto-browserify'" inside of [project]/

Import trace:
  Client Component SSR:
    ./node_modules/.pnpm/ethers@6.16.0/node_modules/ethers/lib.esm/crypto/crypto.js [Client Component SSR]
    ./node_modules/.pnpm/ethers@6.16.0/node_modules/ethers/lib.esm/crypto/random.js [Client Component SSR]
    ./src/lib/services/web3.service.ts [Client Component SSR]
    ./src/app/tools/gettransaction/page.tsx [Client Component SSR]
    ./src/app/tools/gettransaction/page.tsx [Server Component]

https://nextjs.org/docs/messages/module-not-found @ http://localhost:3000/_next/static/chunks/8bd7d_next_dist_f1845c7b._.js:3127
[   94437ms] [ERROR] ./node_modules/.pnpm/ws@8.17.1/node_modules/ws/lib/sender.js:6:28
Module not found: Can't resolve 'crypto'
  4 |
  5 | const { Duplex } = require('stream');
> 6 | const { randomFillSync } = require('crypto');
    |                            ^^^^^^^^^^^^^^^^^
  7 |
  8 | const PerMessageDeflate = require('./permessage-deflate');
  9 | const { EMPTY_BUFFER } = require('./constants');

Import map: aliased to module "'crypto-browserify'" inside of [project]/

Import trace:
  Client Component SSR:
    ./node_modules/.pnpm/ws@8.17.1/node_modules/ws/lib/sender.js [Client Component SSR]
    ./node_modules/.pnpm/ws@8.17.1/node_modules/ws/lib/websocket.js [Client Component SSR]
    ./node_modules/.pnpm/ethers@6.16.0/node_modules/ethers/lib.esm/providers/provider-websocket.js [Client Component SSR]
    ./node_modules/.pnpm/ethers@6.16.0/node_modules/ethers/lib.esm/ethers.js [Client Component SSR]
    ./src/lib/services/web3.service.ts [Client Component SSR]
    ./src/app/tools/gettransaction/page.tsx [Client Component SSR]
    ./src/app/tools/gettransaction/page.tsx [Server Component]

https://nextjs.org/docs/messages/module-not-found @ http://localhost:3000/_next/static/chunks/8bd7d_next_dist_f1845c7b._.js:3127
[   94437ms] [ERROR] ./node_modules/.pnpm/ws@8.17.1/node_modules/ws/lib/websocket.js:10:37
Module not found: Can't resolve 'crypto'
   8 | const net = require('net');
   9 | const tls = require('tls');
> 10 | const { randomBytes, createHash } = require('crypto');
     |                                     ^^^^^^^^^^^^^^^^^
  11 | const { Duplex, Readable } = require('stream');
  12 | const { URL } = require('url');
  13 |

Import map: aliased to module "'crypto-browserify'" inside of [project]/

Import trace:
  Client Component SSR:
    ./node_modules/.pnpm/ws@8.17.1/node_modules/ws/lib/websocket.js [Client Component SSR]
    ./node_modules/.pnpm/ethers@6.16.0/node_modules/ethers/lib.esm/providers/provider-websocket.js [Client Component SSR]
    ./node_modules/.pnpm/ethers@6.16.0/node_modules/ethers/lib.esm/ethers.js [Client Component SSR]
    ./src/lib/services/web3.service.ts [Client Component SSR]
    ./src/app/tools/gettransaction/page.tsx [Client Component SSR]
    ./src/app/tools/gettransaction/page.tsx [Server Component]

https://nextjs.org/docs/messages/module-not-found @ http://localhost:3000/_next/static/chunks/8bd7d_next_dist_f1845c7b._.js:3127
[   94437ms] [ERROR] ./node_modules/.pnpm/ethers@6.16.0/node_modules/ethers/lib.esm/utils/geturl.js:1:1
Module not found: Can't resolve 'http'
> 1 | import http from "http";
    | ^^^^^^^^^^^^^^^^^^^^^^^^
  2 | import https from "https";
  3 | import { gunzipSync } from "zlib";
  4 | import { assert, makeError } from "./errors.js";

Import map: aliased to module "'stream-http'" inside of [project]/

Import trace:
  Client Component SSR:
    ./node_modules/.pnpm/ethers@6.16.0/node_modules/ethers/lib.esm/utils/geturl.js [Client Component SSR]
    ./node_modules/.pnpm/ethers@6.16.0/node_modules/ethers/lib.esm/utils/fetch.js [Client Component SSR]
    ./node_modules/.pnpm/ethers@6.16.0/node_modules/ethers/lib.esm/providers/provider-jsonrpc.js [Client Component SSR]
    ./src/lib/services/web3.service.ts [Client Component SSR]
    ./src/app/tools/gettransaction/page.tsx [Client Component SSR]
    ./src/app/tools/gettransaction/page.tsx [Server Component]

https://nextjs.org/docs/messages/module-not-found @ http://localhost:3000/_next/static/chunks/8bd7d_next_dist_f1845c7b._.js:3127
[   94437ms] [ERROR] ./node_modules/.pnpm/ws@8.17.1/node_modules/ws/lib/websocket.js:7:14
Module not found: Can't resolve 'http'
   5 | const EventEmitter = require('events');
   6 | const https = require('https');
>  7 | const http = require('http');
     |              ^^^^^^^^^^^^^^^
   8 | const net = require('net');
   9 | const tls = require('tls');
  10 | const { randomBytes, createHash } = require('crypto');

Import map: aliased to module "'stream-http'" inside of [project]/

Import trace:
  Client Component SSR:
    ./node_modules/.pnpm/ws@8.17.1/node_modules/ws/lib/websocket.js [Client Component SSR]
    ./node_modules/.pnpm/ethers@6.16.0/node_modules/ethers/lib.esm/providers/provider-websocket.js [Client Component SSR]
    ./node_modules/.pnpm/ethers@6.16.0/node_modules/ethers/lib.esm/ethers.js [Client Component SSR]
    ./src/lib/services/web3.service.ts [Client Component SSR]
    ./src/app/tools/gettransaction/page.tsx [Client Component SSR]
    ./src/app/tools/gettransaction/page.tsx [Server Component]

https://nextjs.org/docs/messages/module-not-found @ http://localhost:3000/_next/static/chunks/8bd7d_next_dist_f1845c7b._.js:3127
[   94437ms] [ERROR] ./node_modules/.pnpm/ethers@6.16.0/node_modules/ethers/lib.esm/utils/geturl.js:2:1
Module not found: Can't resolve 'https'
  1 | import http from "http";
> 2 | import https from "https";
    | ^^^^^^^^^^^^^^^^^^^^^^^^^^
  3 | import { gunzipSync } from "zlib";
  4 | import { assert, makeError } from "./errors.js";
  5 | import { getBytes } from "./data.js";

Import map: aliased to module "'https-browserify'" inside of [project]/

Import trace:
  Client Component SSR:
    ./node_modules/.pnpm/ethers@6.16.0/node_modules/ethers/lib.esm/utils/geturl.js [Client Component SSR]
    ./node_modules/.pnpm/ethers@6.16.0/node_modules/ethers/lib.esm/utils/fetch.js [Client Component SSR]
    ./node_modules/.pnpm/ethers@6.16.0/node_modules/ethers/lib.esm/providers/provider-jsonrpc.js [Client Component SSR]
    ./src/lib/services/web3.service.ts [Client Component SSR]
    ./src/app/tools/gettransaction/page.tsx [Client Component SSR]
    ./src/app/tools/gettransaction/page.tsx [Server Component]

https://nextjs.org/docs/messages/module-not-found @ http://localhost:3000/_next/static/chunks/8bd7d_next_dist_f1845c7b._.js:3127
[   94437ms] [ERROR] ./node_modules/.pnpm/ws@8.17.1/node_modules/ws/lib/websocket.js:6:15
Module not found: Can't resolve 'https'
  4 |
  5 | const EventEmitter = require('events');
> 6 | const https = require('https');
    |               ^^^^^^^^^^^^^^^^
  7 | const http = require('http');
  8 | const net = require('net');
  9 | const tls = require('tls');

Import map: aliased to module "'https-browserify'" inside of [project]/

Import trace:
  Client Component SSR:
    ./node_modules/.pnpm/ws@8.17.1/node_modules/ws/lib/websocket.js [Client Component SSR]
    ./node_modules/.pnpm/ethers@6.16.0/node_modules/ethers/lib.esm/providers/provider-websocket.js [Client Component SSR]
    ./node_modules/.pnpm/ethers@6.16.0/node_modules/ethers/lib.esm/ethers.js [Client Component SSR]
    ./src/lib/services/web3.service.ts [Client Component SSR]
    ./src/app/tools/gettransaction/page.tsx [Client Component SSR]
    ./src/app/tools/gettransaction/page.tsx [Server Component]

https://nextjs.org/docs/messages/module-not-found @ http://localhost:3000/_next/static/chunks/8bd7d_next_dist_f1845c7b._.js:3127
[   94437ms] [ERROR] ./node_modules/.pnpm/ws@8.17.1/node_modules/ws/lib/receiver.js:3:22
Module not found: Can't resolve 'stream'
  1 | 'use strict';
  2 |
> 3 | const { Writable } = require('stream');
    |                      ^^^^^^^^^^^^^^^^^
  4 |
  5 | const PerMessageDeflate = require('./permessage-deflate');
  6 | const {

Import map: aliased to module "'stream-browserify'" inside of [project]/

Import trace:
  Client Component SSR:
    ./node_modules/.pnpm/ws@8.17.1/node_modules/ws/lib/receiver.js [Client Component SSR]
    ./node_modules/.pnpm/ws@8.17.1/node_modules/ws/lib/websocket.js [Client Component SSR]
    ./node_modules/.pnpm/ethers@6.16.0/node_modules/ethers/lib.esm/providers/provider-websocket.js [Client Component SSR]
    ./node_modules/.pnpm/ethers@6.16.0/node_modules/ethers/lib.esm/ethers.js [Client Component SSR]
    ./src/lib/services/web3.service.ts [Client Component SSR]
    ./src/app/tools/gettransaction/page.tsx [Client Component SSR]
    ./src/app/tools/gettransaction/page.tsx [Server Component]

https://nextjs.org/docs/messages/module-not-found @ http://localhost:3000/_next/static/chunks/8bd7d_next_dist_f1845c7b._.js:3127
[   94437ms] [ERROR] ./node_modules/.pnpm/ws@8.17.1/node_modules/ws/lib/sender.js:5:20
Module not found: Can't resolve 'stream'
  3 | 'use strict';
  4 |
> 5 | const { Duplex } = require('stream');
    |                    ^^^^^^^^^^^^^^^^^
  6 | const { randomFillSync } = require('crypto');
  7 |
  8 | const PerMessageDeflate = require('./permessage-deflate');

Import map: aliased to module "'stream-browserify'" inside of [project]/

Import trace:
  Client Component SSR:
    ./node_modules/.pnpm/ws@8.17.1/node_modules/ws/lib/sender.js [Client Component SSR]
    ./node_modules/.pnpm/ws@8.17.1/node_modules/ws/lib/websocket.js [Client Component SSR]
    ./node_modules/.pnpm/ethers@6.16.0/node_modules/ethers/lib.esm/providers/provider-websocket.js [Client Component SSR]
    ./node_modules/.pnpm/ethers@6.16.0/node_modules/ethers/lib.esm/ethers.js [Client Component SSR]
    ./src/lib/services/web3.service.ts [Client Component SSR]
    ./src/app/tools/gettransaction/page.tsx [Client Component SSR]
    ./src/app/tools/gettransaction/page.tsx [Server Component]

https://nextjs.org/docs/messages/module-not-found @ http://localhost:3000/_next/static/chunks/8bd7d_next_dist_f1845c7b._.js:3127
[   94437ms] [ERROR] ./node_modules/.pnpm/ws@8.17.1/node_modules/ws/lib/websocket.js:11:30
Module not found: Can't resolve 'stream'
   9 | const tls = require('tls');
  10 | const { randomBytes, createHash } = require('crypto');
> 11 | const { Duplex, Readable } = require('stream');
     |                              ^^^^^^^^^^^^^^^^^
  12 | const { URL } = require('url');
  13 |
  14 | const PerMessageDeflate = require('./permessage-deflate');

Import map: aliased to module "'stream-browserify'" inside of [project]/

Import trace:
  Client Component SSR:
    ./node_modules/.pnpm/ws@8.17.1/node_modules/ws/lib/websocket.js [Client Component SSR]
    ./node_modules/.pnpm/ethers@6.16.0/node_modules/ethers/lib.esm/providers/provider-websocket.js [Client Component SSR]
    ./node_modules/.pnpm/ethers@6.16.0/node_modules/ethers/lib.esm/ethers.js [Client Component SSR]
    ./src/lib/services/web3.service.ts [Client Component SSR]
    ./src/app/tools/gettransaction/page.tsx [Client Component SSR]
    ./src/app/tools/gettransaction/page.tsx [Server Component]

https://nextjs.org/docs/messages/module-not-found @ http://localhost:3000/_next/static/chunks/8bd7d_next_dist_f1845c7b._.js:3127
[  103402ms] [ERROR] WebSocket connection to 'ws://localhost:3000/_next/webpack-hmr?id=ztL6LNHvm4eSI5mCmFjwJ' failed: Connection closed before receiving a handshake response @ http://localhost:3000/_next/static/chunks/8bd7d_next_dist_client_97d16b8d._.js:10878
[  104403ms] [ERROR] WebSocket connection to 'ws://localhost:3000/_next/webpack-hmr?id=ztL6LNHvm4eSI5mCmFjwJ' failed: Error in connection establishment: net::ERR_CONNECTION_REFUSED @ http://localhost:3000/_next/static/chunks/8bd7d_next_dist_client_97d16b8d._.js:10878
[  105404ms] [ERROR] WebSocket connection to 'ws://localhost:3000/_next/webpack-hmr?id=ztL6LNHvm4eSI5mCmFjwJ' failed: Error in connection establishment: net::ERR_CONNECTION_REFUSED @ http://localhost:3000/_next/static/chunks/8bd7d_next_dist_client_97d16b8d._.js:10878
[  106405ms] [ERROR] WebSocket connection to 'ws://localhost:3000/_next/webpack-hmr?id=ztL6LNHvm4eSI5mCmFjwJ' failed: Error in connection establishment: net::ERR_CONNECTION_REFUSED @ http://localhost:3000/_next/static/chunks/8bd7d_next_dist_client_97d16b8d._.js:10878
[  107406ms] [ERROR] WebSocket connection to 'ws://localhost:3000/_next/webpack-hmr?id=ztL6LNHvm4eSI5mCmFjwJ' failed: Error in connection establishment: net::ERR_CONNECTION_REFUSED @ http://localhost:3000/_next/static/chunks/8bd7d_next_dist_client_97d16b8d._.js:10878
[  112407ms] [ERROR] WebSocket connection to 'ws://localhost:3000/_next/webpack-hmr?id=ztL6LNHvm4eSI5mCmFjwJ' failed: Error in connection establishment: net::ERR_CONNECTION_REFUSED @ http://localhost:3000/_next/static/chunks/8bd7d_next_dist_client_97d16b8d._.js:10878
[  117409ms] [ERROR] WebSocket connection to 'ws://localhost:3000/_next/webpack-hmr?id=ztL6LNHvm4eSI5mCmFjwJ' failed: Error in connection establishment: net::ERR_CONNECTION_REFUSED @ http://localhost:3000/_next/static/chunks/8bd7d_next_dist_client_97d16b8d._.js:10878
[  122410ms] [ERROR] WebSocket connection to 'ws://localhost:3000/_next/webpack-hmr?id=ztL6LNHvm4eSI5mCmFjwJ' failed: Error in connection establishment: net::ERR_CONNECTION_REFUSED @ http://localhost:3000/_next/static/chunks/8bd7d_next_dist_client_97d16b8d._.js:10878
[  127411ms] [ERROR] WebSocket connection to 'ws://localhost:3000/_next/webpack-hmr?id=ztL6LNHvm4eSI5mCmFjwJ' failed: Error in connection establishment: net::ERR_CONNECTION_REFUSED @ http://localhost:3000/_next/static/chunks/8bd7d_next_dist_client_97d16b8d._.js:10878
[  132412ms] [ERROR] WebSocket connection to 'ws://localhost:3000/_next/webpack-hmr?id=ztL6LNHvm4eSI5mCmFjwJ' failed: Error in connection establishment: net::ERR_CONNECTION_REFUSED @ http://localhost:3000/_next/static/chunks/8bd7d_next_dist_client_97d16b8d._.js:10878
[  137413ms] [ERROR] WebSocket connection to 'ws://localhost:3000/_next/webpack-hmr?id=ztL6LNHvm4eSI5mCmFjwJ' failed: Error in connection establishment: net::ERR_CONNECTION_REFUSED @ http://localhost:3000/_next/static/chunks/8bd7d_next_dist_client_97d16b8d._.js:10878
[  142414ms] [ERROR] WebSocket connection to 'ws://localhost:3000/_next/webpack-hmr?id=ztL6LNHvm4eSI5mCmFjwJ' failed: Error in connection establishment: net::ERR_CONNECTION_REFUSED @ http://localhost:3000/_next/static/chunks/8bd7d_next_dist_client_97d16b8d._.js:10878
