[     352ms] [ERROR] A tree hydrated but some attributes of the server rendered HTML didn't match the client properties. This won't be patched up. This can happen if a SSR-ed Client Component used:

- A server/client branch `if (typeof window !== 'undefined')`.
- Variable input such as `Date.now()` or `Math.random()` which changes each time it's called.
- Date formatting in a user's locale which doesn't match the server.
- External changing data without sending a snapshot of it along with the HTML.
- Invalid HTML tag nesting.

It can also happen if the client has a browser extension installed which messes with the HTML before React loaded.

%s%s https://react.dev/link/hydration-mismatch 

  ...
    <div className="flex">
      ...
        <div data-slot="accordion" className="grow overf..." data-orientation="vertical" onKeyDown={function handleEvent} ...>
          ...
            <Collapsible data-orientation="vertical" data-state="open" __scopeCollapsible={{...}} ...>
              <CollapsibleProvider scope={{...}} disabled={undefined} contentId="radix-_R_b..." open={true} ...>
                <Primitive.div data-state="open" data-disabled={undefined} data-orientation="vertical" ...>
                  <div data-state="open" data-disabled={undefined} data-orientation="vertical" data-slot="accordion-..." ...>
                    ...
                      <AccordionTrigger data-slot="accordion-..." className={"focus-vi..."}>
                        <AccordionCollectionItemSlot scope={undefined}>
                          <AccordionCollectionItemSlot.Slot data-radix-collection-item="" ref={function}>
                            <AccordionCollectionItemSlot.SlotClone data-radix-collection-item="" ref={function}>
                              <CollapsibleTrigger aria-disabled={undefined} data-orientation="vertical" ...>
                                <Primitive.button type="button" aria-controls="radix-_R_b..." aria-expanded={true} ...>
                                  <button
                                    type="button"
+                                   aria-controls="radix-_R_bmbnelb_"
-                                   aria-controls="radix-_R_1eqbnelb_"
                                    aria-expanded={true}
                                    data-state="open"
                                    data-disabled={undefined}
                                    disabled={undefined}
                                    aria-disabled={undefined}
                                    data-orientation="vertical"
+                                   id="radix-_R_3mbnelb_"
-                                   id="radix-_R_eqbnelb_"
                                    data-slot="accordion-trigger"
                                    className={"focus-visible:border-ring focus-visible:ring-ring/50 flex flex-1 item..."}
                                    data-radix-collection-item=""
                                    onClick={function handleEvent}
                                    ref={function}
                                  >
                    <AccordionContent>
                      <AccordionContent data-slot="accordion-..." className="data-[stat...">
                        <CollapsibleContent role="region" aria-labelledby="radix-_R_3..." data-orientation="vertical" ...>
                          <Presence present={true}>
                            <Primitive.div data-state="open" data-disabled={undefined} id="radix-_R_b..." hidden={false} ...>
                              <div
                                data-state="open"
                                data-disabled={undefined}
+                               id="radix-_R_bmbnelb_"
-                               id="radix-_R_1eqbnelb_"
                                hidden={false}
                                role="region"
+                               aria-labelledby="radix-_R_3mbnelb_"
-                               aria-labelledby="radix-_R_eqbnelb_"
                                data-orientation="vertical"
                                data-slot="accordion-content"
                                className="data-[state=closed]:animate-accordion-up data-[state=open]:animate-accordio..."
                                style={{--radix-collapsible-content-height:undefined, ...}}
                                ref={function}
                              >
          ...
            <Collapsible data-orientation="vertical" data-state="open" __scopeCollapsible={{...}} ...>
              <CollapsibleProvider scope={{...}} disabled={undefined} contentId="radix-_R_d..." open={true} ...>
                <Primitive.div data-state="open" data-disabled={undefined} data-orientation="vertical" ...>
                  <div data-state="open" data-disabled={undefined} data-orientation="vertical" data-slot="accordion-..." ...>
                    ...
                      <AccordionTrigger data-slot="accordion-..." className={"focus-vi..."}>
                        <AccordionCollectionItemSlot scope={undefined}>
                          <AccordionCollectionItemSlot.Slot data-radix-collection-item="" ref={function}>
                            <AccordionCollectionItemSlot.SlotClone data-radix-collection-item="" ref={function}>
                              <CollapsibleTrigger aria-disabled={undefined} data-orientation="vertical" ...>
                                <Primitive.button type="button" aria-controls="radix-_R_d..." aria-expanded={true} ...>
                                  <button
                                    type="button"
+                                   aria-controls="radix-_R_dmbnelb_"
-                                   aria-controls="radix-_R_1mqbnelb_"
                                    aria-expanded={true}
                                    data-state="open"
                                    data-disabled={undefined}
                                    disabled={undefined}
                                    aria-disabled={undefined}
                                    data-orientation="vertical"
+                                   id="radix-_R_5mbnelb_"
-                                   id="radix-_R_mqbnelb_"
                                    data-slot="accordion-trigger"
                                    className={"focus-visible:border-ring focus-visible:ring-ring/50 flex flex-1 item..."}
                                    data-radix-collection-item=""
                                    onClick={function handleEvent}
                                    ref={function}
                                  >
                    <AccordionContent>
                      <AccordionContent data-slot="accordion-..." className="data-[stat...">
                        <CollapsibleContent role="region" aria-labelledby="radix-_R_5..." data-orientation="vertical" ...>
                          <Presence present={true}>
                            <Primitive.div data-state="open" data-disabled={undefined} id="radix-_R_d..." hidden={false} ...>
                              <div
                                data-state="open"
                                data-disabled={undefined}
+                               id="radix-_R_dmbnelb_"
-                               id="radix-_R_1mqbnelb_"
                                hidden={false}
                                role="region"
+                               aria-labelledby="radix-_R_5mbnelb_"
-                               aria-labelledby="radix-_R_mqbnelb_"
                                data-orientation="vertical"
                                data-slot="accordion-content"
                                className="data-[state=closed]:animate-accordion-up data-[state=open]:animate-accordio..."
                                style={{--radix-collapsible-content-height:undefined, ...}}
                                ref={function}
                              >
          ...
            <Collapsible data-orientation="vertical" data-state="open" __scopeCollapsible={{...}} ...>
              <CollapsibleProvider scope={{...}} disabled={undefined} contentId="radix-_R_f..." open={true} ...>
                <Primitive.div data-state="open" data-disabled={undefined} data-orientation="vertical" ...>
                  <div data-state="open" data-disabled={undefined} data-orientation="vertical" data-slot="accordion-..." ...>
                    ...
                      <AccordionTrigger data-slot="accordion-..." className={"focus-vi..."}>
                        <AccordionCollectionItemSlot scope={undefined}>
                          <AccordionCollectionItemSlot.Slot data-radix-collection-item="" ref={function}>
                            <AccordionCollectionItemSlot.SlotClone data-radix-collection-item="" ref={function}>
                              <CollapsibleTrigger aria-disabled={undefined} data-orientation="vertical" ...>
                                <Primitive.button type="button" aria-controls="radix-_R_f..." aria-expanded={true} ...>
                                  <button
                                    type="button"
+                                   aria-controls="radix-_R_fmbnelb_"
-                                   aria-controls="radix-_R_1uqbnelb_"
                                    aria-expanded={true}
                                    data-state="open"
                                    data-disabled={undefined}
                                    disabled={undefined}
                                    aria-disabled={undefined}
                                    data-orientation="vertical"
+                                   id="radix-_R_7mbnelb_"
-                                   id="radix-_R_uqbnelb_"
                                    data-slot="accordion-trigger"
                                    className={"focus-visible:border-ring focus-visible:ring-ring/50 flex flex-1 item..."}
                                    data-radix-collection-item=""
                                    onClick={function handleEvent}
                                    ref={function}
                                  >
                    <AccordionContent>
                      <AccordionContent data-slot="accordion-..." className="data-[stat...">
                        <CollapsibleContent role="region" aria-labelledby="radix-_R_7..." data-orientation="vertical" ...>
                          <Presence present={true}>
                            <Primitive.div data-state="open" data-disabled={undefined} id="radix-_R_f..." hidden={false} ...>
                              <div
                                data-state="open"
                                data-disabled={undefined}
+                               id="radix-_R_fmbnelb_"
-                               id="radix-_R_1uqbnelb_"
                                hidden={false}
                                role="region"
+                               aria-labelledby="radix-_R_7mbnelb_"
-                               aria-labelledby="radix-_R_uqbnelb_"
                                data-orientation="vertical"
                                data-slot="accordion-content"
                                className="data-[state=closed]:animate-accordion-up data-[state=open]:animate-accordio..."
                                style={{--radix-collapsible-content-height:undefined, ...}}
                                ref={function}
                              >
      ...
        <MenuProvider scope={{Menu:[...], ...}} onClose={function Menu.useCallback} isUsingKeyboardRef={{current:false}} ...>
          <DropdownMenuTrigger asChild={true}>
            <DropdownMenuTrigger data-slot="dropdown-m..." asChild={true}>
              <MenuAnchor asChild={true} __scopeMenu={{Menu:[...], ...}}>
                <PopperAnchor __scopePopper={{Menu:[...], ...}} asChild={true} ref={null}>
                  <Primitive.div asChild={true} ref={function}>
                    <Primitive.div.Slot ref={function}>
                      <Primitive.div.SlotClone ref={function}>
                        <Primitive.button type="button" id="radix-_R_i..." aria-haspopup="menu" aria-expanded={false} ...>
                          <Primitive.button.Slot type="button" id="radix-_R_i..." aria-haspopup="menu" ...>
                            <Primitive.button.SlotClone type="button" id="radix-_R_i..." aria-haspopup="menu" ...>
                              <Button variant="outline" size="sm" className="gap-2 bord..." type="button" ...>
                                <button
                                  data-slot="dropdown-menu-trigger"
                                  data-variant="outline"
                                  data-size="sm"
                                  className={"inline-flex items-center justify-center whitespace-nowrap font-medium t..."}
                                  type="button"
+                                 id="radix-_R_iqbnelb_"
-                                 id="radix-_R_2babnelb_"
                                  aria-haspopup="menu"
                                  aria-expanded={false}
                                  aria-controls={undefined}
                                  data-state="closed"
                                  data-disabled={undefined}
                                  disabled={false}
                                  onPointerDown={function handleEvent}
                                  onKeyDown={function handleEvent}
                                  ref={function}
                                >
          ...
 @ http://localhost:3456/_next/static/chunks/8bd7d_next_dist_f1845c7b._.js:3127
